xsdgen: Generating... 
xsdgen:   FpmlEnumVals.xsd ... 
Microsoft (R) Xml Schemas/DataTypes support utility
[Microsoft (R) .NET Framework, Version 4.0.30319.17929]
Copyright (C) Microsoft Corporation. All rights reserved.
Warning: cannot generate classes because no top-level elements with complex type were found.
xsdgen:   GwmlEnumMaps.xsd ... 
Microsoft (R) Xml Schemas/DataTypes support utility
[Microsoft (R) .NET Framework, Version 4.0.30319.17929]
Copyright (C) Microsoft Corporation. All rights reserved.
Writing file 'C:\Users\Alex\Documents\Visual Studio 2017\Projects\Highlander\Metadata\Common\GwmlEnumMaps.cs'.
xsdgen:   PricingStructureAlgorithms.xsd ... 
Microsoft (R) Xml Schemas/DataTypes support utility
[Microsoft (R) .NET Framework, Version 4.0.30319.17929]
Copyright (C) Microsoft Corporation. All rights reserved.
Writing file 'C:\Users\Alex\Documents\Visual Studio 2017\Projects\Highlander\Metadata\Common\PricingStructureAlgorithms.cs'.
xsdgen:   BoundaryRiderMappingVals.xsd ... 
Microsoft (R) Xml Schemas/DataTypes support utility
[Microsoft (R) .NET Framework, Version 4.0.30319.17929]
Copyright (C) Microsoft Corporation. All rights reserved.
Writing file 'C:\Users\Alex\Documents\Visual Studio 2017\Projects\Highlander\Metadata\Common\BoundaryRiderMappingVals.cs'.
xsdgen:   StressRuleFormat.xsd ... 
Microsoft (R) Xml Schemas/DataTypes support utility
[Microsoft (R) .NET Framework, Version 4.0.30319.17929]
Copyright (C) Microsoft Corporation. All rights reserved.
Writing file 'C:\Users\Alex\Documents\Visual Studio 2017\Projects\Highlander\Metadata\Common\StressRuleFormat.cs'.
xsdgen:   ConfigRuleFormat.xsd ... 
Microsoft (R) Xml Schemas/DataTypes support utility
[Microsoft (R) .NET Framework, Version 4.0.30319.17929]
Copyright (C) Microsoft Corporation. All rights reserved.
Writing file 'C:\Users\Alex\Documents\Visual Studio 2017\Projects\Highlander\Metadata\Common\ConfigRuleFormat.cs'.
xsdgen:   FileImportRuleFormat.xsd ... 
Microsoft (R) Xml Schemas/DataTypes support utility
[Microsoft (R) .NET Framework, Version 4.0.30319.17929]
Copyright (C) Microsoft Corporation. All rights reserved.
Writing file 'C:\Users\Alex\Documents\Visual Studio 2017\Projects\Highlander\Metadata\Common\FileImportRuleFormat.cs'.
xsdgen:   AlertFormat.xsd ... 
Microsoft (R) Xml Schemas/DataTypes support utility
[Microsoft (R) .NET Framework, Version 4.0.30319.17929]
Copyright (C) Microsoft Corporation. All rights reserved.
Writing file 'C:\Users\Alex\Documents\Visual Studio 2017\Projects\Highlander\Metadata\Common\AlertFormat.cs'.
xsdgen:   MarketDataFormat.xsd ... 
Microsoft (R) Xml Schemas/DataTypes support utility
[Microsoft (R) .NET Framework, Version 4.0.30319.17929]
Copyright (C) Microsoft Corporation. All rights reserved.
Writing file 'C:\Users\Alex\Documents\Visual Studio 2017\Projects\Highlander\Metadata\Common\MarketDataFormat.cs'.
xsdgen:   TradeImportRuleFormat.xsd ... 
Microsoft (R) Xml Schemas/DataTypes support utility
[Microsoft (R) .NET Framework, Version 4.0.30319.17929]
Copyright (C) Microsoft Corporation. All rights reserved.
Writing file 'C:\Users\Alex\Documents\Visual Studio 2017\Projects\Highlander\Metadata\Common\TradeImportRuleFormat.cs'.
xsdgen: Done. 
