Microsoft (R) Xml Schemas/DataTypes support utility
[Microsoft (R) .NET Framework, Version 4.6.1055.0]
Copyright (C) Microsoft Corporation. All rights reserved.
Schema validation warning: Type 'http://www.fpml.org/FpML-5/reporting:Property' is not declared. Line 308, position 12.
Schema validation warning: The 'http://www.w3.org/2000/09/xmldsig#:Signature' element is not declared. Line 10641, position 2.

Warning: Schema could not be validated. Class generation may fail or may produce incorrect results.


If you would like more help, please type "xsd /?".
Microsoft (R) Xml Schemas/DataTypes support utility
[Microsoft (R) .NET Framework, Version 4.6.1055.0]
Copyright (C) Microsoft Corporation. All rights reserved.
Schema validation warning: Type 'http://www.fpml.org/FpML-5/reporting:Property' is not declared. Line 308, position 12.

Warning: Schema could not be validated. Class generation may fail or may produce incorrect results.


If you would like more help, please type "xsd /?".
Microsoft (R) Xml Schemas/DataTypes support utility
[Microsoft (R) .NET Framework, Version 4.6.1055.0]
Copyright (C) Microsoft Corporation. All rights reserved.
Schema validation warning: Type 'http://www.fpml.org/FpML-5/reporting:Property' is not declared. Line 308, position 12.

Warning: Schema could not be validated. Class generation may fail or may produce incorrect results.


If you would like more help, please type "xsd /?".
Microsoft (R) Xml Schemas/DataTypes support utility
[Microsoft (R) .NET Framework, Version 4.6.1055.0]
Copyright (C) Microsoft Corporation. All rights reserved.
Schema validation warning: Type 'http://www.fpml.org/FpML-5/reporting:Property' is not declared. Line 308, position 12.

Warning: Schema could not be validated. Class generation may fail or may produce incorrect results.


If you would like more help, please type "xsd /?".
Microsoft (R) Xml Schemas/DataTypes support utility
[Microsoft (R) .NET Framework, Version 4.6.1055.0]
Copyright (C) Microsoft Corporation. All rights reserved.
Schema validation warning: Type 'http://www.fpml.org/FpML-5/reporting:Property' is not declared. Line 308, position 12.

Warning: Schema could not be validated. Class generation may fail or may produce incorrect results.


If you would like more help, please type "xsd /?".
Microsoft (R) Xml Schemas/DataTypes support utility
[Microsoft (R) .NET Framework, Version 4.6.1055.0]
Copyright (C) Microsoft Corporation. All rights reserved.
Schema validation warning: The global element 'http://www.fpml.org/FpML-5/ext:propertyTransaction' has already been declared. Line 65, position 3.
Schema validation warning: The complexType 'http://www.fpml.org/FpML-5/ext:PropertyTransaction' has already been declared. Line 13, position 3.
Schema validation warning: The complexType 'http://www.fpml.org/FpML-5/ext:Property' has already been declared. Line 52, position 4.
Schema validation warning: Type 'http://www.fpml.org/FpML-5/reporting:Property' is not declared. Line 308, position 12.

Warning: Schema could not be validated. Class generation may fail or may produce incorrect results.


If you would like more help, please type "xsd /?".
Microsoft (R) Xml Schemas/DataTypes support utility
[Microsoft (R) .NET Framework, Version 4.6.1055.0]
Copyright (C) Microsoft Corporation. All rights reserved.
Schema validation warning: The global element 'http://www.fpml.org/FpML-5/ext:propertyTransaction' has already been declared. Line 65, position 3.
Schema validation warning: The complexType 'http://www.fpml.org/FpML-5/ext:PropertyTransaction' has already been declared. Line 13, position 3.
Schema validation warning: The complexType 'http://www.fpml.org/FpML-5/ext:Property' has already been declared. Line 52, position 4.
Schema validation warning: Type 'http://www.fpml.org/FpML-5/reporting:Property' is not declared. Line 308, position 12.

Warning: Schema could not be validated. Class generation may fail or may produce incorrect results.


If you would like more help, please type "xsd /?".
Microsoft (R) Xml Schemas/DataTypes support utility
[Microsoft (R) .NET Framework, Version 4.6.1055.0]
Copyright (C) Microsoft Corporation. All rights reserved.
Schema validation warning: The global element 'http://www.fpml.org/FpML-5/ext:propertyTransaction' has already been declared. Line 63, position 3.
Schema validation warning: The complexType 'http://www.fpml.org/FpML-5/ext:PropertyTransaction' has already been declared. Line 11, position 3.
Schema validation warning: The complexType 'http://www.fpml.org/FpML-5/ext:Property' has already been declared. Line 50, position 4.
Schema validation warning: Type 'http://www.fpml.org/FpML-5/reporting:Property' is not declared. Line 308, position 12.

Warning: Schema could not be validated. Class generation may fail or may produce incorrect results.


If you would like more help, please type "xsd /?".
